<?xml version="1.0" encoding="UTF-8"?>
<!-- Generated by org.testng.reporters.JUnitReportReporter -->
<testsuite hostname="tasol-System-Product-Name" name="SuiteTwo.SuiteTwoCaseOne" tests="2" failures="0" timestamp="15 Jul 2015 05:06:42 GMT" time="16.970" errors="0">
  <testcase name="SuiteTwoCaseOneTest" time="14.239" classname="SuiteTwo.SuiteTwoCaseOne"/>
  <testcase name="SuiteTwoCaseOneTest" time="2.731" classname="SuiteTwo.SuiteTwoCaseOne"/>
</testsuite> <!-- SuiteTwo.SuiteTwoCaseOne -->
